Total unused space is 21.71MB
    help/readme.md
    help/uuid_mapping.csv
    help/analyze/activity-map/assets/toggle.png
    help/analyze/activity-map/assets/real_time.png
    help/analyze/activity-map/assets/arrow_process.png
    help/analyze/activity-map/assets/USAtoday_main.png
    help/analyze/activity-map/assets/firefox_install3.png
    help/analyze/activity-map/assets/open_report.png
    help/analyze/activity-map/assets/metrics.png
    help/analyze/activity-map/assets/link_tracking.png
    help/analyze/activity-map/assets/firefox_install2.png
    help/analyze/activity-map/assets/multi_browser.png
    help/analyze/activity-map/assets/user_download.png
    help/analyze/activity-map/assets/overlay.png
    help/analyze/activity-map/assets/live_mode2.png
    help/analyze/activity-map/assets/install_am.png
    help/analyze/activity-map/assets/bug-attachments/clickmap_superior_tag_example.png
    help/analyze/activity-map/assets/bug-attachments/clickmap_display_10.png
    help/analyze/activity-map/assets/bug-attachments/clickmap_overlay_setting_10.png
    help/analyze/activity-map/assets/bug-attachments/clickmap_leading_example.png
    help/analyze/report-builder/setup/assets/login_screen.png
    help/analyze/report-builder/data-requests/assets/select_cell_icon.png
    help/analyze/assets/filters.png
    help/analyze/assets/learning-tab.png
    help/analyze/analysis-workspace/freeform-analysis-examples-use-cases.md
    help/analyze/analysis-workspace/attribution/assets/Column_Settings.png
    help/analyze/analysis-workspace/attribution/assets/attribution_example.png
    help/analyze/analysis-workspace/attribution/assets/Calc_Metric_Settings.png
    help/analyze/analysis-workspace/virtual-analyst/contribution-analysis/assets/ca_access_level.png
    help/analyze/analysis-workspace/build-workspace-project/t-freeform-project.md
    help/analyze/analysis-workspace/build-workspace-project/undo-redo.md
    help/analyze/analysis-workspace/build-workspace-project/assets/new-project-menus.png
    help/analyze/analysis-workspace/build-workspace-project/assets/visualizations.png
    help/analyze/analysis-workspace/build-workspace-project/assets/dimensions.png
    help/analyze/analysis-workspace/build-workspace-project/assets/fa_project_new.png
    help/analyze/analysis-workspace/build-workspace-project/assets/fa_data_table_actions.png
    help/analyze/analysis-workspace/build-workspace-project/assets/analysis_workspace_menu.png
    help/analyze/analysis-workspace/build-workspace-project/assets/date-ranges.png
    help/analyze/analysis-workspace/build-workspace-project/assets/save_project.png
    help/analyze/analysis-workspace/build-workspace-project/assets/fa_full_panel.png
    help/analyze/analysis-workspace/build-workspace-project/assets/segments.png
    help/analyze/analysis-workspace/build-workspace-project/assets/metrics.png
    help/analyze/analysis-workspace/build-workspace-project/assets/components.png
    help/analyze/analysis-workspace/build-workspace-project/assets/custom_templates.png
    help/analyze/analysis-workspace/build-workspace-project/assets/panels.png
    help/analyze/analysis-workspace/build-workspace-project/assets/analysis-app-search.png
    help/analyze/analysis-workspace/c-panels/c-segment-comparison/compare-segments.md
    help/analyze/analysis-workspace/c-panels/c-segment-comparison/assets/show-advanced-settings.png
    help/analyze/analysis-workspace/c-panels/assets/mc_dropdown.png
    help/analyze/analysis-workspace/c-panels/assets/concurrent-viewers-chart.png
    help/analyze/analysis-workspace/c-panels/assets/create_dropdown.png
    help/analyze/analysis-workspace/c-panels/assets/dropdowns.png
    help/analyze/analysis-workspace/c-panels/assets/a4t-panel-builder.png
    help/analyze/analysis-workspace/c-panels/assets/dropdown.png
    help/analyze/analysis-workspace/assets/intra-linking2.png
    help/analyze/analysis-workspace/assets/fa_project_new.png
    help/analyze/analysis-workspace/assets/fa_data_table_actions.png
    help/analyze/analysis-workspace/assets/two-months-summary-project.png
    help/analyze/analysis-workspace/assets/trend-selection.png
    help/analyze/analysis-workspace/assets/drag_dimension.png
    help/analyze/analysis-workspace/assets/trend-selection2.png
    help/analyze/analysis-workspace/assets/visualizations-multiple02.png
    help/analyze/analysis-workspace/assets/segment-panel.png
    help/analyze/analysis-workspace/assets/breakdown_intsearchterm.png
    help/analyze/analysis-workspace/assets/intra-linking1.png
    help/analyze/analysis-workspace/assets/step5_icon.png
    help/analyze/analysis-workspace/assets/data-table.png
    help/analyze/analysis-workspace/assets/heatmap.png
    help/analyze/analysis-workspace/assets/manage-data-source.png
    help/analyze/analysis-workspace/assets/breakdown_result.png
    help/analyze/analysis-workspace/assets/venn_hover.png
    help/analyze/analysis-workspace/assets/step6_icon.png
    help/analyze/analysis-workspace/assets/venn.png
    help/analyze/analysis-workspace/assets/step3_icon.png
    help/analyze/analysis-workspace/assets/step2_icon.png
    help/analyze/analysis-workspace/assets/visualizations-multiple.png
    help/analyze/analysis-workspace/assets/drag_metrics.png
    help/analyze/analysis-workspace/assets/step7_icon.png
    help/analyze/analysis-workspace/assets/visualize-selected-cells.png
    help/analyze/analysis-workspace/assets/step4_icon.png
    help/analyze/analysis-workspace/assets/drag_segments.png
    help/analyze/analysis-workspace/assets/breakdown_prodname.png
    help/analyze/analysis-workspace/assets/step1_icon.png
    help/analyze/analysis-workspace/assets/segment_inline.png
    help/analyze/analysis-workspace/assets/information_icon.png
    help/analyze/analysis-workspace/curate-share/schedule-projects.md
    help/analyze/analysis-workspace/curate-share/assets/scheduled-projects.png
    help/analyze/analysis-workspace/curate-share/assets/curated-components.png
    help/analyze/analysis-workspace/curate-share/assets/send-file-pop-up.png
    help/analyze/analysis-workspace/curate-share/assets/scheduled-project-manager.png
    help/analyze/analysis-workspace/curate-share/assets/send-file.png
    help/analyze/analysis-workspace/curate-share/assets/share_component.png
    help/analyze/analysis-workspace/curate-share/assets/components-scheduled-projects.png
    help/analyze/analysis-workspace/visualizations/cohort-table/assets/cohort_new.png
    help/analyze/analysis-workspace/visualizations/cohort-table/assets/blank-panel.png
    help/analyze/analysis-workspace/visualizations/cohort-table/assets/cohort-segment-select.png
    help/analyze/analysis-workspace/visualizations/assets/visualizations.png
    help/analyze/analysis-workspace/visualizations/assets/rich-text1.png
    help/analyze/analysis-workspace/visualizations/assets/line.png
    help/analyze/analysis-workspace/visualizations/assets/viz-granularity.png
    help/analyze/analysis-workspace/visualizations/assets/visualization_settings.png
    help/analyze/analysis-workspace/visualizations/assets/data-table.png
    help/analyze/analysis-workspace/visualizations/assets/rich-text2.png
    help/analyze/analysis-workspace/visualizations/assets/summary-number.png
    help/analyze/analysis-workspace/visualizations/assets/create-visual.png
    help/analyze/analysis-workspace/visualizations/assets/right-click_menu.png
    help/analyze/analysis-workspace/visualizations/freeform-table/column-row-settings/assets/static_rows.png
    help/analyze/analysis-workspace/visualizations/freeform-table/column-row-settings/assets/add-time-period-column3.png
    help/analyze/analysis-workspace/visualizations/freeform-table/column-row-settings/assets/column-totals.png
    help/analyze/analysis-workspace/components/segments/assets/project-only.png
    help/analyze/analysis-workspace/components/segments/assets/QS Builder Blank State.png
    help/analyze/analysis-workspace/components/segments/assets/Project-only checked.png
    help/analyze/analysis-workspace/components/segments/assets/Project-only unchecked.png
    help/analyze/analysis-workspace/components/segments/assets/segment-dropzone.png
    help/analyze/analysis-workspace/components/segments/assets/New Pill Color.png
    help/analyze/analysis-workspace/components/segments/assets/QS with dims and metrics.png
    help/analyze/analysis-workspace/components/segments/assets/quick-seg4.png
    help/analyze/analysis-workspace/components/segments/assets/save-quick-seg.png
    help/analyze/analysis-workspace/components/segments/assets/quick-seg3.png
    help/analyze/analysis-workspace/components/assets/components.png
    help/analyze/mobile-app/assets/feedback_option.png
    help/analyze/mobile-app/assets/new_mobile_scorecard.png
    help/analyze/mobile-app/assets/add_project.png
    help/analyze/mobile-app/assets/feedback.png
    help/analyze/reports-analytics/assets/ad_summary_chart.png
    help/analyze/reports-analytics/assets/view_training_periods.png
    help/analyze/reports-analytics/assets/page_flow.png
    help/analyze/reports-analytics/assets/metric_report.png
    help/analyze/reports-analytics/assets/metrics_icon.png
    help/analyze/reports-analytics/assets/ad_top_menu.png
    help/admin/fix-links
    help/admin/user-management2/t-group-access-report-suite.md
    help/admin/user-management2/t-email-users.md
    help/admin/user-management2/c-user-management/t-transfer-user-accout-privileges.md
    help/admin/user-management2/c-user-management/t-add-user-account.md
    help/admin/user-management2/c-user-management/t-add-user-to-group.md
    help/admin/user-management2/c-user-management/users.md
    help/admin/user-management2/c-user-management/permissions-changes.md
    help/admin/user-management2/c-user-management/assets/report-access.png
    help/admin/user-management2/c-user-management/assets/all-report-suites.png
    help/admin/user-management2/c-customize-report-access/groups-report-suite-tools.md
    help/admin/user-management2/c-customize-report-access/groups-customize-report-access.md
    help/admin/user-management2/c-customize-report-access/groups-analytics-tools.md
    help/admin/user-management2/c-customize-report-access/groups-metrics.md
    help/admin/user-management2/c-customize-report-access/groups-dimensions.md
    help/admin/user-management2/c-customize-report-access/assets/report-access.png
    help/admin/user-management2/c-customize-report-access/assets/report-access-analytics-tools.png
    help/admin/user-management2/c-customize-report-access/assets/customize-analytics-tools.png
    help/admin/user-management2/c-customize-report-access/assets/customize-metrics.png
    help/admin/user-management2/c-customize-report-access/assets/report-suite-tools.png
    help/admin/user-management2/c-customize-report-access/assets/permissions-dimensions.png
    help/admin/user-management2/c-user-groups/t-user-group.md
    help/admin/user-management2/c-user-groups/groups.md
    help/admin/company/assets/sec-manager2.png
    help/admin/tools/group.md
    help/admin/tools/c-processing-rules/assets/proc-rules-training.png
    help/admin/tools/conversion-var-admin/assets/merch-evars3.png
    help/admin/tools/conversion-var-admin/assets/merch-evars2.png
    help/admin/c-data-governance/assets/rsm-privacy-reports.png
    help/admin/c-data-governance/assets/step5_icon.png
    help/admin/c-data-governance/assets/step6_icon.png
    help/admin/c-data-governance/assets/step3_icon.png
    help/admin/c-data-governance/assets/step2_icon.png
    help/admin/c-data-governance/assets/step4_icon.png
    help/admin/c-data-governance/assets/step1_icon.png
    help/export/analytics-data-feed/assets/feed-info.jpg
    help/export/analytics-data-feed/assets/actions.png
    help/export/ftp-and-sftp/c-set-up-ftp-accounts/ftp-discover-reports.md
    help/technotes/troubleshoot-data-presence.md
    help/technotes/escalations.md
    help/technotes/assets/calcmetric_event.png
    help/technotes/assets/calcmetric_title_description.png
    help/technotes/assets/javascript.png
    help/technotes/assets/inline.png
    help/technotes/assets/exclude_calendar_event.png
    help/technotes/assets/calcmetric_freeform.png
    help/technotes/assets/calcmetric_infoicon.png
    help/technotes/assets/calcmetric_zero_no_value.png
    help/implement/uuid_mapping_app_measurement.csv
    help/implement/fix-links
    help/implement/launch/assets/evars.png
    help/implement/launch/assets/configure.png
    help/implement/launch/assets/new_element.png
    help/implement/launch/assets/extensions.png
    help/implement/launch/assets/new_property.png
    help/implement/prepare/assets/analytics-implementation-rs-wizard.png
    help/implement/prepare/assets/real-time-report.png
    help/implement/prepare/assets/implementation-modal.png
    help/implement/validate/assets/icon_add_to_favorites_bar.png
    help/implement/js/xdevice-visid/assets/xdevice-counts.png
    help/implement/js/assets/tracking_code.png
    help/implement/js/assets/step5_icon.png
    help/implement/js/assets/step6_icon.png
    help/implement/js/assets/step3_icon.png
    help/implement/js/assets/timestamp_v_non6.png
    help/implement/js/assets/step2_icon.png
    help/implement/js/assets/timestamp_v_non9.png
    help/implement/js/assets/timestamp_v_non4_1.png
    help/implement/js/assets/step7_icon.png
    help/implement/js/assets/step4_icon.png
    help/implement/js/assets/timestamp_v_non.png
    help/implement/js/assets/step1_icon.png
    help/implement/js/assets/timestamp_v_non2.png
    help/implement/js/assets/timestamp_v_non8.png
    help/implement/js/assets/timestamp_v_non4_2.png
    help/implement/use-cases/internal-search.md
    help/components/segmentation/seg-transition-ad-hoc.md
    help/components/segmentation/segmentation-workflow/assets/After_Within_both.png
    help/components/segmentation/segmentation-workflow/assets/segment_builder_ui.png
    help/components/segmentation/segmentation-workflow/assets/wrench_icon.png
    help/components/segmentation/segmentation-workflow/assets/seg_template.png
    help/components/segmentation/segmentation-workflow/assets/segment_publish_to_mac_copy.png
    help/components/segmentation/segmentation-workflow/assets/ad_hoc_organize_segments.png
    help/components/segmentation/segmentation-workflow/assets/seg_campaign_visitor.png
    help/components/segmentation/segmentation-workflow/assets/After_Within_max.png
    help/components/segmentation/assets/interpret_zero.png
    help/components/c-calcmetrics/assets/report_suite.png
    help/components/c-calcmetrics/c-workflow/cm-workflow/c-build-metrics/assets/cm_container_intl.png
    help/components/c-calcmetrics/c-workflow/cm-workflow/c-build-metrics/assets/cm_diff_percent.png
    help/components/c-calcmetrics/c-workflow/cm-workflow/c-build-metrics/assets/pages-report.png
    help/components/c-calcmetrics/c-workflow/cm-workflow/c-build-metrics/assets/cm_container_us.png
    help/components/c-calcmetrics/c-workflow/cm-workflow/c-build-metrics/assets/cm_add_container.png
    help/components/c-calcmetrics/c-workflow/cm-workflow/assets/step5_icon.png
    help/components/c-calcmetrics/c-workflow/cm-workflow/assets/step6_icon.png
    help/components/c-calcmetrics/c-workflow/cm-workflow/assets/step8_icon.png
    help/components/c-calcmetrics/c-workflow/cm-workflow/assets/step3_icon.png
    help/components/c-calcmetrics/c-workflow/cm-workflow/assets/step2_icon.png
    help/components/c-calcmetrics/c-workflow/cm-workflow/assets/step7_icon.png
    help/components/c-calcmetrics/c-workflow/cm-workflow/assets/step4_icon.png
    help/components/c-calcmetrics/c-workflow/cm-workflow/assets/step1_icon.png
    help/components/metrics/assets/cont-velo-2.png
    help/components/classifications/crb/assets/step5_icon.png
    help/components/classifications/crb/assets/step6_icon.png
    help/components/classifications/crb/assets/step3_icon.png
    help/components/classifications/crb/assets/step2_icon.png
    help/components/classifications/crb/assets/step7_icon.png
    help/components/classifications/crb/assets/step4_icon.png
    help/components/classifications/crb/assets/step1_icon.png
    help/components/cda/assets/fbs-compare.png
    help/components/vrs/c-workflow-vrs/assets/step5_icon.png
    help/components/c-marketing-channels/assets/paid_search.png
    help/components/c-marketing-channels/assets/best-practice1.png
    help/components/c-marketing-channels/assets/tracking_code.png
    help/components/c-marketing-channels/assets/add_column_icon.png
    help/components/c-marketing-channels/assets/metric_create.png
    help/components/c-marketing-channels/assets/example_internal.png
    help/components/c-marketing-channels/assets/overview.png
    help/components/c-marketing-channels/assets/email_campaign.png
    help/components/c-marketing-channels/assets/metric_edit_icon.png
    help/components/c-marketing-channels/assets/report-graphic.png
    help/components/c-marketing-channels/assets/override-last-touch.png
    help/import/data-connectors/uuid_mapping.csv
    help/import/data-connectors/assets/data-connectors-console.png
    help/import/use-cases/display-ads.md
    help/integrate/c-advertising-analytics/c-adanalytics-workflow/assets/yahoo_id.png
    help/integrate/c-advertising-analytics/c-adanalytics-workflow/assets/step5_icon.png
    help/integrate/c-advertising-analytics/c-adanalytics-workflow/assets/step3_icon.png
    help/integrate/c-advertising-analytics/c-adanalytics-workflow/assets/step2_icon.png
    help/integrate/c-advertising-analytics/c-adanalytics-workflow/assets/step4_icon.png
    help/integrate/c-advertising-analytics/c-adanalytics-workflow/assets/step1_icon.png
    help/integrate/c-advertising-analytics/c-adanalytics-workflow/assets/Yahoo.png
    help/integrate/c-audience-analytics/c-workflow/assets/ssf-succeed.png
    help/integrate/c-audience-analytics/c-workflow/assets/step3_icon.png
    help/integrate/c-audience-analytics/c-workflow/assets/step2_icon.png
    help/integrate/c-audience-analytics/c-workflow/assets/step1_icon.png
